[INFO] Scanning for projects...
[INFO] 
[INFO] ---------< in.co.customer.feedback.sys:CustomerFeedbackSystem >---------
[INFO] Building CustomerFeedbackSystem Maven Webapp 0.0.1-SNAPSHOT
[INFO]   from pom.xml
[INFO] --------------------------------[ war ]---------------------------------
[INFO] 
[INFO] --- resources:3.3.1:resources (default-resources) @ CustomerFeedbackSystem ---
[WARNING] Using platform encoding (UTF-8 actually) to copy filtered resources, i.e. build is platform dependent!
[INFO] Copying 2 resources from src\main\resources to target\classes
[INFO] 
[INFO] --- compiler:3.13.0:compile (default-compile) @ CustomerFeedbackSystem ---
[INFO] Recompiling the module because of changed source code.
[WARNING] File encoding has not been set, using platform encoding UTF-8, i.e. build is platform dependent!
[INFO] Compiling 54 source files with javac [debug target 1.8] to target\classes
[WARNING] bootstrap class path not set in conjunction with -source 8
[WARNING] source value 8 is obsolete and will be removed in a future release
[WARNING] target value 8 is obsolete and will be removed in a future release
[WARNING] To suppress warnings about obsolete options, use -Xlint:-options.
[INFO] /D:/StudentFeedbackSystem/StudentFeedBackSystem/StudentFeedbackSystem/src/main/java/in/co/customer/feedback/sys/util/HTMLUtility.java: D:\StudentFeedbackSystem\StudentFeedBackSystem\StudentFeedbackSystem\src\main\java\in\co\customer\feedback\sys\util\HTMLUtility.java uses unchecked or unsafe operations.
[INFO] /D:/StudentFeedbackSystem/StudentFeedBackSystem/StudentFeedbackSystem/src/main/java/in/co/customer/feedback/sys/util/HTMLUtility.java: Recompile with -Xlint:unchecked for details.
[INFO] 
[INFO] --- resources:3.3.1:testResources (default-testResources) @ CustomerFeedbackSystem ---
[WARNING] Using platform encoding (UTF-8 actually) to copy filtered resources, i.e. build is platform dependent!
[INFO] skip non existing resourceDirectory D:\StudentFeedbackSystem\StudentFeedBackSystem\StudentFeedbackSystem\src\test\resources
[INFO] 
[INFO] --- compiler:3.13.0:testCompile (default-testCompile) @ CustomerFeedbackSystem ---
[INFO] Recompiling the module because of changed dependency.
[WARNING] File encoding has not been set, using platform encoding UTF-8, i.e. build is platform dependent!
[INFO] 
[INFO] --- surefire:3.2.5:test (default-test) @ CustomerFeedbackSystem ---
[INFO] Tests are skipped.
[INFO] 
[INFO] --- war:3.4.0:war (default-war) @ CustomerFeedbackSystem ---
[INFO] Packaging webapp
[INFO] Assembling webapp [CustomerFeedbackSystem] in [D:\StudentFeedbackSystem\StudentFeedBackSystem\StudentFeedbackSystem\target\CustomerFeedbackSystem]
[INFO] Processing war project
[INFO] Copying webapp resources [D:\StudentFeedbackSystem\StudentFeedBackSystem\StudentFeedbackSystem\src\main\webapp]
[INFO] Building war: D:\StudentFeedbackSystem\StudentFeedBackSystem\StudentFeedbackSystem\target\CustomerFeedbackSystem.war
[INFO] ------------------------------------------------------------------------
[INFO] BUILD SUCCESS
[INFO] ------------------------------------------------------------------------
[INFO] Total time:  6.287 s
[INFO] Finished at: 2026-02-13T15:03:56+05:30
[INFO] ------------------------------------------------------------------------
